Loading x86_64 (no gpu) environment
Environment loaded. Spack available.
=== Romeo 2025 Environment ===
Architecture: x64cpu
Compiler: g++ (GCC) 11.4.1 20231218 (Red Hat 11.4.1-3)
MPI: mpirun (Open MPI) 4.1.7

Spack packages:
-- linux-rhel9-zen4 / no compilers ------------------------------
openmpi@4.1.7
=== Golomb Ruler MPI Benchmark ===
Version: v4
Order: G10
MPI Procs: 16
OMP Threads: 4
Nodes: 1
Start: Tue Jan  6 09:44:08 CET 2026
=== Golomb Ruler Solver v4: Pure Hypercube ===
Order: 10
MPI Processes: 16
OpenMP Threads/rank: 4
Total workers: 64
Prefix depth: 4
Hypercube dimension: 4
SIMD/AVX2: Enabled
Initial bound: 80
Total subtrees: 51932
Subtrees per rank: ~3245

=== Golomb G10 ===
Solution: [0, 1, 6, 10, 23, 26, 34, 41, 53, 55]
Length: 55
Time: 750.05 ms
Nodes explored: 3682741
Nodes pruned: 7715955
Best found by rank: 0
*** OPTIMAL SOLUTION FOUND ***
Results saved to results/romeo/mpi_G10_v4_p16.csv
End: Tue Jan  6 09:44:09 CET 2026
