Loading x86_64 (no gpu) environment
Environment loaded. Spack available.
=== Romeo 2025 Environment ===
Architecture: x64cpu
Compiler: g++ (GCC) 11.4.1 20231218 (Red Hat 11.4.1-3)
MPI: mpirun (Open MPI) 4.1.7

Spack packages:
-- linux-rhel9-zen4 / no compilers ------------------------------
openmpi@4.1.7
==============================================
  Golomb Ruler Solver - MPI Benchmark
  Romeo 2025 - Architecture: x64cpu
==============================================
Job ID: 254921
Nodes: romeo-c037
Scratch: /scratch_p/nimarano/254921
Start time: Tue Jan  6 08:22:41 CET 2026
Order: 9
MPI Version: v3
Processes: 4
Nodes requested: 1
==============================================

Using prefix depth: 4

Running: mpirun -np 4 ./build/golomb_mpi_v3 9 --depth 4

=== Raw Output ===
--------------------------------------------------------------------------
mpirun was unable to launch the specified application as it could not access
or execute an executable:

Executable: ./build/golomb_mpi_v3
Node: romeo-c037

while attempting to start process rank 0.
--------------------------------------------------------------------------
4 total processes failed to start

=== CSV Result ===
version,order,procs,time_ms,speedup,efficiency,nodes,solution,length
3,9,4,0,0,0,0,"",0

=== Copying results to home directory ===
'results/romeo/mpi_G9_v3_p4.csv' -> '/home/nimarano/golomb/results/romeo/mpi_G9_v3_p4.csv'
'results/romeo/mpi_G9_v3_p4_raw.txt' -> '/home/nimarano/golomb/results/romeo/mpi_G9_v3_p4_raw.txt'

=== Cleaning up scratch ===

==============================================
Results saved to: /home/nimarano/golomb/results/romeo/mpi_G9_v3_p4.csv
End time: Tue Jan  6 08:22:41 CET 2026
==============================================
