Loading x86_64 (no gpu) environment
Environment loaded. Spack available.
=== Romeo 2025 Environment ===
Architecture: x64cpu
Compiler: g++ (GCC) 11.4.1 20231218 (Red Hat 11.4.1-3)
MPI: mpirun (Open MPI) 4.1.7

Spack packages:
-- linux-rhel9-zen4 / no compilers ------------------------------
openmpi@4.1.7
==============================================
  Golomb Ruler Solver - MPI Benchmark
  Romeo 2025 - Architecture: x64cpu
==============================================
Job ID: 251994
Nodes: romeo-c033
Scratch: /scratch_p/nimarano/251994
Start time: Mon Jan  5 03:25:52 CET 2026
Order: 13
MPI Version: v3
Processes: 8
Nodes requested: 1
==============================================

Using prefix depth: 5

Running: mpirun -np 8 ./build/golomb_mpi_v3 13 --depth 5

=== Raw Output ===
=== Golomb Ruler Solver - MPI v3: Optimized ===
Order: 13, Processes: 8
Prefix depth: 5
Initial bound: 147
Subtrees: 11847248

=== Results ===
Solution: [0, 2, 5, 25, 37, 43, 59, 70, 85, 89, 98, 99, 106]
Length: 106
Time: 89043.26 ms
Nodes: 6163266919
*** OPTIMAL ***

=== CSV Result ===
version,order,procs,time_ms,speedup,efficiency,nodes,solution,length
3,13,8,89043.26,0,0,0,"[0, 2, 5, 25, 37, 43, 59, 70, 85, 89, 98, 99, 106]",106

=== Copying results to home directory ===
'results/romeo/mpi_G13_v3_p8.csv' -> '/home/nimarano/golomb/results/romeo/mpi_G13_v3_p8.csv'
'results/romeo/mpi_G13_v3_p8_raw.txt' -> '/home/nimarano/golomb/results/romeo/mpi_G13_v3_p8_raw.txt'

=== Cleaning up scratch ===

==============================================
Results saved to: /home/nimarano/golomb/results/romeo/mpi_G13_v3_p8.csv
End time: Mon Jan  5 03:27:22 CET 2026
==============================================
