Loading x86_64 (no gpu) environment
Environment loaded. Spack available.
=== Romeo 2025 Environment ===
Architecture: x64cpu
Compiler: g++ (GCC) 11.4.1 20231218 (Red Hat 11.4.1-3)
MPI: mpirun (Open MPI) 4.1.7

Spack packages:
-- linux-rhel9-zen4 / no compilers ------------------------------
openmpi@4.1.7
==============================================
  Golomb Ruler Solver - MPI Benchmark
  Romeo 2025 - Architecture: x64cpu
==============================================
Job ID: 251972
Nodes: romeo-c031
Scratch: /scratch_p/nimarano/251972
Start time: Mon Jan  5 03:25:47 CET 2026
Order: 10
MPI Version: v2
Processes: 64
Nodes requested: 1
==============================================

Using prefix depth: 4

Running: mpirun -np 64 ./build/golomb_mpi_v2 10 4

=== Raw Output ===
=== Golomb Ruler Solver - MPI v2: Hypercube ===
Order: 10, Processes: 64
Hypercube dimension: 6
Prefix depth: 4
Initial bound (greedy): 80
Subtrees generated: 51932

=== Results ===
Solution: [0, 1, 3, 31, 36, 44, 48, 54, 63, 70]
Length: 55
Total time: 68.27 ms
Total nodes: 2726978
*** OPTIMAL SOLUTION FOUND ***

=== CSV Result ===
version,order,procs,time_ms,speedup,efficiency,nodes,solution,length
2,10,64,68.27,0,0,2726978,"[0, 1, 3, 31, 36, 44, 48, 54, 63, 70]",55

=== Copying results to home directory ===
'results/romeo/mpi_G10_v2_p64.csv' -> '/home/nimarano/golomb/results/romeo/mpi_G10_v2_p64.csv'
'results/romeo/mpi_G10_v2_p64_raw.txt' -> '/home/nimarano/golomb/results/romeo/mpi_G10_v2_p64_raw.txt'

=== Cleaning up scratch ===

==============================================
Results saved to: /home/nimarano/golomb/results/romeo/mpi_G10_v2_p64.csv
End time: Mon Jan  5 03:25:49 CET 2026
==============================================
