Loading x86_64 (no gpu) environment
Environment loaded. Spack available.
=== Romeo 2025 Environment ===
Architecture: x64cpu
Compiler: g++ (GCC) 11.4.1 20231218 (Red Hat 11.4.1-3)
MPI: mpirun (Open MPI) 4.1.7

Spack packages:
-- linux-rhel9-zen4 / no compilers ------------------------------
openmpi@4.1.7
==============================================
  Golomb Ruler Solver - MPI Benchmark
  Romeo 2025 - Architecture: x64cpu
==============================================
Job ID: 251992
Nodes: romeo-c030
Scratch: /scratch_p/nimarano/251992
Start time: Mon Jan  5 03:25:59 CET 2026
Order: 12
MPI Version: v3
Processes: 64
Nodes requested: 1
==============================================

Using prefix depth: 5

Running: mpirun -np 64 ./build/golomb_mpi_v3 12 --depth 5

=== Raw Output ===
=== Golomb Ruler Solver - MPI v3: Optimized ===
Order: 12, Processes: 64
Prefix depth: 5
Initial bound: 122
Subtrees: 5303650

=== Results ===
Solution: [0, 2, 6, 24, 29, 40, 43, 55, 68, 75, 76, 85]
Length: 85
Time: 6792.18 ms
Nodes: 367365856
*** OPTIMAL ***

=== CSV Result ===
version,order,procs,time_ms,speedup,efficiency,nodes,solution,length
3,12,64,6792.18,0,0,0,"[0, 2, 6, 24, 29, 40, 43, 55, 68, 75, 76, 85]",85

=== Copying results to home directory ===
'results/romeo/mpi_G12_v3_p64.csv' -> '/home/nimarano/golomb/results/romeo/mpi_G12_v3_p64.csv'
'results/romeo/mpi_G12_v3_p64_raw.txt' -> '/home/nimarano/golomb/results/romeo/mpi_G12_v3_p64_raw.txt'

=== Cleaning up scratch ===

==============================================
Results saved to: /home/nimarano/golomb/results/romeo/mpi_G12_v3_p64.csv
End time: Mon Jan  5 03:26:06 CET 2026
==============================================
