Loading x86_64 (no gpu) environment
Environment loaded. Spack available.
=== Romeo 2025 Environment ===
Architecture: x64cpu
Compiler: g++ (GCC) 11.4.1 20231218 (Red Hat 11.4.1-3)
MPI: mpirun (Open MPI) 4.1.7

Spack packages:
-- linux-rhel9-zen4 / no compilers ------------------------------
openmpi@4.1.7
=== Golomb Ruler MPI Benchmark ===
Version: v4
Order: G12
MPI Procs: 4
OMP Threads: 4
Nodes: 1
Start: Tue Jan  6 09:44:06 CET 2026
=== Golomb Ruler Solver v4: Pure Hypercube ===
Order: 12
MPI Processes: 4
OpenMP Threads/rank: 4
Total workers: 16
Prefix depth: 5
Hypercube dimension: 2
SIMD/AVX2: Enabled
Initial bound: 122
Total subtrees: 5303650
Subtrees per rank: ~1325912

=== Golomb G12 ===
Solution: [0, 9, 10, 17, 30, 42, 45, 56, 61, 79, 83, 85]
Length: 85
Time: 12821.11 ms
Nodes explored: 331071460
Nodes pruned: 952515309
Best found by rank: 1
*** OPTIMAL SOLUTION FOUND ***
Results saved to results/romeo/mpi_G12_v4_p4.csv
End: Tue Jan  6 09:44:19 CET 2026
