Loading x86_64 (no gpu) environment
Environment loaded. Spack available.
=== Romeo 2025 Environment ===
Architecture: x64cpu
Compiler: g++ (GCC) 11.4.1 20231218 (Red Hat 11.4.1-3)
MPI: mpirun (Open MPI) 4.1.7

Spack packages:
-- linux-rhel9-zen4 / no compilers ------------------------------
openmpi@4.1.7
=== Golomb Ruler MPI Benchmark ===
Version: v4
Order: G12
MPI Procs: 32
OMP Threads: 4
Nodes: 1
Start: Tue Jan  6 09:44:27 CET 2026
=== Golomb Ruler Solver v4: Pure Hypercube ===
Order: 12
MPI Processes: 32
OpenMP Threads/rank: 4
Total workers: 128
Prefix depth: 5
Hypercube dimension: 5
SIMD/AVX2: Enabled
Initial bound: 122
Total subtrees: 5303650
Subtrees per rank: ~165739

=== Golomb G12 ===
Solution: [0, 9, 10, 17, 30, 42, 45, 56, 61, 79, 83, 85]
Length: 85
Time: 8411.99 ms
Nodes explored: 572027072
Nodes pruned: 1577156387
Best found by rank: 8
*** OPTIMAL SOLUTION FOUND ***
Results saved to results/romeo/mpi_G12_v4_p32.csv
End: Tue Jan  6 09:44:36 CET 2026
