Loading x86_64 (no gpu) environment
Environment loaded. Spack available.
=== Romeo 2025 Environment ===
Architecture: x64cpu
Compiler: g++ (GCC) 11.4.1 20231218 (Red Hat 11.4.1-3)
MPI: mpirun (Open MPI) 4.1.7

Spack packages:
-- linux-rhel9-zen4 / no compilers ------------------------------
openmpi@4.1.7
=== Golomb Ruler MPI Benchmark ===
Version: v4
Order: G8
MPI Procs: 4
OMP Threads: 4
Nodes: 1
Start: Tue Jan  6 09:44:00 CET 2026
=== Golomb Ruler Solver v4: Pure Hypercube ===
Order: 8
MPI Processes: 4
OpenMP Threads/rank: 4
Total workers: 16
Prefix depth: 3
Hypercube dimension: 2
SIMD/AVX2: Enabled
Initial bound: 44
Total subtrees: 564
Subtrees per rank: ~141

=== Golomb G8 ===
Solution: [0, 1, 4, 9, 15, 22, 32, 34]
Length: 34
Time: 338.98 ms
Nodes explored: 52632
Nodes pruned: 70680
Best found by rank: 0
*** OPTIMAL SOLUTION FOUND ***
Results saved to results/romeo/mpi_G8_v4_p4.csv
End: Tue Jan  6 09:44:01 CET 2026
