Loading x86_64 (no gpu) environment
Environment loaded. Spack available.
=== Romeo 2025 Environment ===
Architecture: x64cpu
Compiler: g++ (GCC) 11.4.1 20231218 (Red Hat 11.4.1-3)
MPI: mpirun (Open MPI) 4.1.7

Spack packages:
-- linux-rhel9-zen4 / no compilers ------------------------------
openmpi@4.1.7
Running MPI v3 G14 with 128 processes
=== Golomb Ruler Solver - MPI v3: Optimized ===
Order: 14, Processes: 128
Prefix depth: 5
Initial bound: 181
Subtrees: 28989168

=== Results ===
Solution: [0, 1, 3, 7, 49, 57, 69, 83, 93, 108, 121, 130, 148, 153]
Length: 127
Time: 115836.57 ms
Nodes: 90156531956
*** OPTIMAL ***
