Loading x86_64 (no gpu) environment
Environment loaded. Spack available.
=== Romeo 2025 Environment ===
Architecture: x64cpu
Compiler: g++ (GCC) 11.4.1 20231218 (Red Hat 11.4.1-3)
MPI: mpirun (Open MPI) 4.1.7

Spack packages:
-- linux-rhel9-zen4 / no compilers ------------------------------
openmpi@4.1.7
=== Golomb Ruler MPI Benchmark ===
Version: v4
Order: G11
MPI Procs: 32
OMP Threads: 4
Nodes: 1
Start: Tue Jan  6 09:44:21 CET 2026
=== Golomb Ruler Solver v4: Pure Hypercube ===
Order: 11
MPI Processes: 32
OpenMP Threads/rank: 4
Total workers: 128
Prefix depth: 5
Hypercube dimension: 5
SIMD/AVX2: Enabled
Initial bound: 96
Total subtrees: 1843134
Subtrees per rank: ~57597

=== Golomb G11 ===
Solution: [0, 1, 4, 13, 28, 33, 47, 54, 64, 70, 72]
Length: 72
Time: 2758.00 ms
Nodes explored: 48042621
Nodes pruned: 113619152
Best found by rank: 0
*** OPTIMAL SOLUTION FOUND ***
Results saved to results/romeo/mpi_G11_v4_p32.csv
End: Tue Jan  6 09:44:25 CET 2026
