Loading x86_64 (no gpu) environment
Environment loaded. Spack available.
=== Romeo 2025 Environment ===
Architecture: x64cpu
Compiler: g++ (GCC) 11.4.1 20231218 (Red Hat 11.4.1-3)
MPI: mpirun (Open MPI) 4.1.7

Spack packages:
-- linux-rhel9-zen4 / no compilers ------------------------------
openmpi@4.1.7
==============================================
  Golomb Ruler Solver - MPI Benchmark
  Romeo 2025 - Architecture: x64cpu
==============================================
Job ID: 251978
Nodes: romeo-c031
Scratch: /scratch_p/nimarano/251978
Start time: Mon Jan  5 03:25:57 CET 2026
Order: 11
MPI Version: v2
Processes: 128
Nodes requested: 1
==============================================

Using prefix depth: 5

Running: mpirun -np 128 ./build/golomb_mpi_v2 11 5

=== Raw Output ===
=== Golomb Ruler Solver - MPI v2: Hypercube ===
Order: 11, Processes: 128
Hypercube dimension: 7
Prefix depth: 5
Initial bound (greedy): 96
Subtrees generated: 1843134

=== Results ===
Solution: [20, 1, 1, 1, 0, 0, 0, 0, 0, 0, 0]
Length: 72
Total time: 3802.45 ms
Total nodes: 44986050
*** OPTIMAL SOLUTION FOUND ***

=== CSV Result ===
version,order,procs,time_ms,speedup,efficiency,nodes,solution,length
2,11,128,3802.45,0,0,44986050,"[20, 1, 1, 1, 0, 0, 0, 0, 0, 0, 0]",72

=== Copying results to home directory ===
'results/romeo/mpi_G11_v2_p128.csv' -> '/home/nimarano/golomb/results/romeo/mpi_G11_v2_p128.csv'
'results/romeo/mpi_G11_v2_p128_raw.txt' -> '/home/nimarano/golomb/results/romeo/mpi_G11_v2_p128_raw.txt'

=== Cleaning up scratch ===

==============================================
Results saved to: /home/nimarano/golomb/results/romeo/mpi_G11_v2_p128.csv
End time: Mon Jan  5 03:26:03 CET 2026
==============================================
