Loading x86_64 (no gpu) environment
Environment loaded. Spack available.
=== Romeo 2025 Environment ===
Architecture: x64cpu
Compiler: g++ (GCC) 11.4.1 20231218 (Red Hat 11.4.1-3)
MPI: mpirun (Open MPI) 4.1.7

Spack packages:
-- linux-rhel9-zen4 / no compilers ------------------------------
openmpi@4.1.7
==============================================
  Golomb Ruler Solver - MPI Benchmark
  Romeo 2025 - Architecture: x64cpu
==============================================
Job ID: 251991
Nodes: romeo-c031
Scratch: /scratch_p/nimarano/251991
Start time: Mon Jan  5 03:25:57 CET 2026
Order: 12
MPI Version: v3
Processes: 32
Nodes requested: 1
==============================================

Using prefix depth: 5

Running: mpirun -np 32 ./build/golomb_mpi_v3 12 --depth 5

=== Raw Output ===
=== Golomb Ruler Solver - MPI v3: Optimized ===
Order: 12, Processes: 32
Prefix depth: 5
Initial bound: 122
Subtrees: 5303650

=== Results ===
Solution: [0, 2, 6, 24, 29, 40, 43, 55, 68, 75, 76, 85]
Length: 85
Time: 5807.02 ms
Nodes: 365140885
*** OPTIMAL ***

=== CSV Result ===
version,order,procs,time_ms,speedup,efficiency,nodes,solution,length
3,12,32,5807.02,0,0,0,"[0, 2, 6, 24, 29, 40, 43, 55, 68, 75, 76, 85]",85

=== Copying results to home directory ===
'results/romeo/mpi_G12_v3_p32.csv' -> '/home/nimarano/golomb/results/romeo/mpi_G12_v3_p32.csv'
'results/romeo/mpi_G12_v3_p32_raw.txt' -> '/home/nimarano/golomb/results/romeo/mpi_G12_v3_p32_raw.txt'

=== Cleaning up scratch ===

==============================================
Results saved to: /home/nimarano/golomb/results/romeo/mpi_G12_v3_p32.csv
End time: Mon Jan  5 03:26:05 CET 2026
==============================================
