Loading x86_64 (no gpu) environment
Environment loaded. Spack available.
=== Romeo 2025 Environment ===
Architecture: x64cpu
Compiler: g++ (GCC) 11.4.1 20231218 (Red Hat 11.4.1-3)
MPI: mpirun (Open MPI) 4.1.7

Spack packages:
-- linux-rhel9-zen4 / no compilers ------------------------------
openmpi@4.1.7
=== Golomb Ruler MPI Benchmark ===
Version: v4
Order: G13
MPI Procs: 4
OMP Threads: 4
Nodes: 1
Start: Tue Jan  6 09:44:11 CET 2026
=== Golomb Ruler Solver v4: Pure Hypercube ===
Order: 13
MPI Processes: 4
OpenMP Threads/rank: 4
Total workers: 16
Prefix depth: 6
Hypercube dimension: 2
SIMD/AVX2: Enabled
Initial bound: 147
Total subtrees: 268435520
Subtrees per rank: ~67108880

