Loading x86_64 (no gpu) environment
Environment loaded. Spack available.
=== Romeo 2025 Environment ===
Architecture: x64cpu
Compiler: g++ (GCC) 11.4.1 20231218 (Red Hat 11.4.1-3)
MPI: mpirun (Open MPI) 4.1.7

Spack packages:
-- linux-rhel9-zen4 / no compilers ------------------------------
openmpi@4.1.7
=== Golomb Ruler MPI Benchmark ===
Version: v4
Order: G12
MPI Procs: 16
OMP Threads: 4
Nodes: 1
Start: Tue Jan  6 09:44:12 CET 2026
=== Golomb Ruler Solver v4: Pure Hypercube ===
Order: 12
MPI Processes: 16
OpenMP Threads/rank: 4
Total workers: 64
Prefix depth: 5
Hypercube dimension: 4
SIMD/AVX2: Enabled
Initial bound: 122
Total subtrees: 5303650
Subtrees per rank: ~331478

=== Golomb G12 ===
Solution: [0, 9, 10, 17, 30, 42, 45, 56, 61, 79, 83, 85]
Length: 85
Time: 11402.02 ms
Nodes explored: 414675165
Nodes pruned: 1176101834
Best found by rank: 4
*** OPTIMAL SOLUTION FOUND ***
Results saved to results/romeo/mpi_G12_v4_p16.csv
End: Tue Jan  6 09:44:24 CET 2026
