Loading x86_64 (no gpu) environment
Environment loaded. Spack available.
=== Romeo 2025 Environment ===
Architecture: x64cpu
Compiler: g++ (GCC) 11.4.1 20231218 (Red Hat 11.4.1-3)
MPI: mpirun (Open MPI) 4.1.7

Spack packages:
-- linux-rhel9-zen4 / no compilers ------------------------------
openmpi@4.1.7
=== Golomb Ruler MPI Benchmark ===
Version: v3
Order: G8
MPI Procs: 8
OMP Threads: 4
Nodes: 1
Start: Tue Jan  6 09:44:00 CET 2026
=== Golomb Ruler Solver v3: Hybrid MPI+OpenMP ===
Order: 8
MPI Processes: 8
OpenMP Threads/rank: 4
Total workers: 32
Prefix depth: 3
SIMD/AVX2: Enabled
Initial bound: 44
Subtrees: 564

=== Golomb G8 ===
Solution: [0, 1, 4, 9, 15, 22, 32, 34]
Length: 34
Time: 201.91 ms
Nodes explored: 39828
Nodes pruned: 53370
*** OPTIMAL SOLUTION FOUND ***
End: Tue Jan  6 09:44:01 CET 2026
