Loading x86_64 (no gpu) environment
Environment loaded. Spack available.
=== Romeo 2025 Environment ===
Architecture: x64cpu
Compiler: g++ (GCC) 11.4.1 20231218 (Red Hat 11.4.1-3)
MPI: mpirun (Open MPI) 4.1.7

Spack packages:
-- linux-rhel9-zen4 / no compilers ------------------------------
openmpi@4.1.7
=== Golomb Ruler MPI Benchmark ===
Version: v4
Order: G9
MPI Procs: 32
OMP Threads: 4
Nodes: 1
Start: Tue Jan  6 09:44:12 CET 2026
=== Golomb Ruler Solver v4: Pure Hypercube ===
Order: 9
MPI Processes: 32
OpenMP Threads/rank: 4
Total workers: 128
Prefix depth: 4
Hypercube dimension: 5
SIMD/AVX2: Enabled
Initial bound: 65
Total subtrees: 26484
Subtrees per rank: ~827

=== Golomb G9 ===
Solution: [0, 1, 5, 12, 25, 27, 35, 41, 44]
Length: 44
Time: 883.00 ms
Nodes explored: 555379
Nodes pruned: 877960
Best found by rank: 0
*** OPTIMAL SOLUTION FOUND ***
Results saved to results/romeo/mpi_G9_v4_p32.csv
End: Tue Jan  6 09:44:14 CET 2026
