Loading x86_64 (no gpu) environment
Environment loaded. Spack available.
=== Romeo 2025 Environment ===
Architecture: x64cpu
Compiler: g++ (GCC) 11.4.1 20231218 (Red Hat 11.4.1-3)
MPI: mpirun (Open MPI) 4.1.7

Spack packages:
-- linux-rhel9-zen4 / no compilers ------------------------------
openmpi@4.1.7
==============================================
  Golomb Ruler Solver - MPI Benchmark
  Romeo 2025 - Architecture: x64cpu
==============================================
Job ID: 251970
Nodes: romeo-c030
Scratch: /scratch_p/nimarano/251970
Start time: Mon Jan  5 03:25:47 CET 2026
Order: 10
MPI Version: v2
Processes: 16
Nodes requested: 1
==============================================

Using prefix depth: 4

Running: mpirun -np 16 ./build/golomb_mpi_v2 10 4

=== Raw Output ===
=== Golomb Ruler Solver - MPI v2: Hypercube ===
Order: 10, Processes: 16
Hypercube dimension: 4
Prefix depth: 4
Initial bound (greedy): 80
Subtrees generated: 51932

=== Results ===
Solution: [0, 1, 3, 8, 17, 30, 41, 56, 62, 66]
Length: 55
Total time: 51.21 ms
Total nodes: 2586522
*** OPTIMAL SOLUTION FOUND ***

=== CSV Result ===
version,order,procs,time_ms,speedup,efficiency,nodes,solution,length
2,10,16,51.21,0,0,2586522,"[0, 1, 3, 8, 17, 30, 41, 56, 62, 66]",55

=== Copying results to home directory ===
'results/romeo/mpi_G10_v2_p16.csv' -> '/home/nimarano/golomb/results/romeo/mpi_G10_v2_p16.csv'
'results/romeo/mpi_G10_v2_p16_raw.txt' -> '/home/nimarano/golomb/results/romeo/mpi_G10_v2_p16_raw.txt'

=== Cleaning up scratch ===

==============================================
Results saved to: /home/nimarano/golomb/results/romeo/mpi_G10_v2_p16.csv
End time: Mon Jan  5 03:25:49 CET 2026
==============================================
