Loading x86_64 (no gpu) environment
Environment loaded. Spack available.
=== Romeo 2025 Environment ===
Architecture: x64cpu
Compiler: g++ (GCC) 11.4.1 20231218 (Red Hat 11.4.1-3)
MPI: mpirun (Open MPI) 4.1.7

Spack packages:
-- linux-rhel9-zen4 / no compilers ------------------------------
openmpi@4.1.7
==============================================
  Golomb Ruler Solver - Sequential Benchmark
  Romeo 2025 - Architecture: x64cpu
==============================================
Job ID: 254915
Node: romeo-c038
Scratch: /scratch_p/nimarano/254915
Start time: Tue Jan  6 08:22:41 CET 2026
Order: 12
Version: v2
Threads: 32
==============================================

Running: ./build/golomb_v2 12

=== Raw Output ===
=== Golomb Ruler Solver v2: OpenMP ===
Threads: 192 (HT enabled, 96 physical)
SIMD/AVX2: Enabled
Order: 12

=== Golomb G12 ===
Solution: [0, 9, 10, 17, 30, 42, 45, 56, 61, 79, 83, 85]
Length: 85
Time: 2195.11 ms
Nodes explored: 483339237
Nodes pruned: 1324606051
Pruning ratio: 73.3%

*** OPTIMAL SOLUTION FOUND ***

=== CSV Result ===
version,order,time_ms,nodes_explored,nodes_pruned,solution,length
2,12,2195.11,483339237,1324606051,"[0, 9, 10, 17, 30, 42, 45, 56, 61, 79, 83, 85]",85

=== Copying results to home directory ===
'results/romeo/seq_G12_v2_t32.csv' -> '/home/nimarano/golomb/results/romeo/seq_G12_v2_t32.csv'
'results/romeo/seq_G12_v2_t32_raw.txt' -> '/home/nimarano/golomb/results/romeo/seq_G12_v2_t32_raw.txt'

=== Cleaning up scratch ===

==============================================
Results saved to: /home/nimarano/golomb/results/romeo/seq_G12_v2_t32.csv
End time: Tue Jan  6 08:22:44 CET 2026
==============================================
