Loading x86_64 (no gpu) environment
Environment loaded. Spack available.
=== Romeo 2025 Environment ===
Architecture: x64cpu
Compiler: g++ (GCC) 11.4.1 20231218 (Red Hat 11.4.1-3)
MPI: mpirun (Open MPI) 4.1.7

Spack packages:
-- linux-rhel9-zen4 / no compilers ------------------------------
openmpi@4.1.7
==============================================
  Golomb Ruler Solver - Sequential Benchmark
  Romeo 2025 - Architecture: x64cpu
==============================================
Job ID: 251934
Node: romeo-c030
Scratch: /scratch_p/nimarano/251934
Start time: Mon Jan  5 03:22:34 CET 2026
Order: 12
Version: v5
Threads: 1
==============================================

Running: ./build/golomb_v5 12

=== Raw Output ===
=== Golomb Ruler Solver v5: Final Sequential ===
Order: 12 (symmetry enabled)

=== Golomb G12 ===
Solution: [0, 2, 6, 24, 29, 40, 43, 55, 68, 75, 76, 85]
Length: 85
Time: 27683.85 ms
Nodes explored: 359344315
Nodes pruned: 1012743778
Pruning ratio: 73.8%

*** OPTIMAL SOLUTION FOUND ***

=== CSV Result ===
version,order,time_ms,nodes_explored,nodes_pruned,solution,length
5,12,27683.85,359344315,1012743778,"[0, 2, 6, 24, 29, 40, 43, 55, 68, 75, 76, 85]",85

=== Copying results to home directory ===
'results/romeo/seq_G12_v5_t1.csv' -> '/home/nimarano/golomb/results/romeo/seq_G12_v5_t1.csv'
'results/romeo/seq_G12_v5_t1_raw.txt' -> '/home/nimarano/golomb/results/romeo/seq_G12_v5_t1_raw.txt'

=== Cleaning up scratch ===

==============================================
Results saved to: /home/nimarano/golomb/results/romeo/seq_G12_v5_t1.csv
End time: Mon Jan  5 03:23:02 CET 2026
==============================================
