Loading x86_64 (no gpu) environment
Environment loaded. Spack available.
=== Romeo 2025 Environment ===
Architecture: x64cpu
Compiler: g++ (GCC) 11.4.1 20231218 (Red Hat 11.4.1-3)
MPI: mpirun (Open MPI) 4.1.7

Spack packages:
-- linux-rhel9-zen4 / no compilers ------------------------------
openmpi@4.1.7
==============================================
  Golomb Ruler Solver - Sequential Benchmark
  Romeo 2025 - Architecture: x64cpu
==============================================
Job ID: 254894
Node: romeo-c034
Scratch: /scratch_p/nimarano/254894
Start time: Tue Jan  6 08:22:38 CET 2026
Order: 8
Version: v2
Threads: 16
==============================================

Running: ./build/golomb_v2 8

=== Raw Output ===
=== Golomb Ruler Solver v2: OpenMP ===
Threads: 96 (HT enabled, 96 physical)
SIMD/AVX2: Enabled
Order: 8

=== Golomb G8 ===
Solution: [0, 1, 4, 9, 15, 22, 32, 34]
Length: 34
Time: 20.53 ms
Nodes explored: 66582
Nodes pruned: 86407
Pruning ratio: 56.5%

*** OPTIMAL SOLUTION FOUND ***

=== CSV Result ===
version,order,time_ms,nodes_explored,nodes_pruned,solution,length
2,8,20.53,66582,86407,"[0, 1, 4, 9, 15, 22, 32, 34]",34

=== Copying results to home directory ===
'results/romeo/seq_G8_v2_t16.csv' -> '/home/nimarano/golomb/results/romeo/seq_G8_v2_t16.csv'
'results/romeo/seq_G8_v2_t16_raw.txt' -> '/home/nimarano/golomb/results/romeo/seq_G8_v2_t16_raw.txt'

=== Cleaning up scratch ===

==============================================
Results saved to: /home/nimarano/golomb/results/romeo/seq_G8_v2_t16.csv
End time: Tue Jan  6 08:22:38 CET 2026
==============================================
