Loading x86_64 (no gpu) environment
Environment loaded. Spack available.
=== Romeo 2025 Environment ===
Architecture: x64cpu
Compiler: g++ (GCC) 11.4.1 20231218 (Red Hat 11.4.1-3)
MPI: mpirun (Open MPI) 4.1.7

Spack packages:
-- linux-rhel9-zen4 / no compilers ------------------------------
openmpi@4.1.7
==============================================
  Golomb Ruler Solver - Sequential Benchmark
  Romeo 2025 - Architecture: x64cpu
==============================================
Job ID: 254905
Node: romeo-c036
Scratch: /scratch_p/nimarano/254905
Start time: Tue Jan  6 08:22:40 CET 2026
Order: 10
Version: v2
Threads: 32
==============================================

Running: ./build/golomb_v2 10

=== Raw Output ===
=== Golomb Ruler Solver v2: OpenMP ===
Threads: 192 (HT enabled, 96 physical)
SIMD/AVX2: Enabled
Order: 10

=== Golomb G10 ===
Solution: [0, 1, 6, 10, 23, 26, 34, 41, 53, 55]
Length: 55
Time: 25.91 ms
Nodes explored: 2814987
Nodes pruned: 5970847
Pruning ratio: 68.0%

*** OPTIMAL SOLUTION FOUND ***

=== CSV Result ===
version,order,time_ms,nodes_explored,nodes_pruned,solution,length
2,10,25.91,2814987,5970847,"[0, 1, 6, 10, 23, 26, 34, 41, 53, 55]",55

=== Copying results to home directory ===
'results/romeo/seq_G10_v2_t32.csv' -> '/home/nimarano/golomb/results/romeo/seq_G10_v2_t32.csv'
'results/romeo/seq_G10_v2_t32_raw.txt' -> '/home/nimarano/golomb/results/romeo/seq_G10_v2_t32_raw.txt'

=== Cleaning up scratch ===

==============================================
Results saved to: /home/nimarano/golomb/results/romeo/seq_G10_v2_t32.csv
End time: Tue Jan  6 08:22:41 CET 2026
==============================================
