Loading x86_64 (no gpu) environment
Environment loaded. Spack available.
=== Romeo 2025 Environment ===
Architecture: x64cpu
Compiler: g++ (GCC) 11.4.1 20231218 (Red Hat 11.4.1-3)
MPI: mpirun (Open MPI) 4.1.7

Spack packages:
-- linux-rhel9-zen4 / no compilers ------------------------------
openmpi@4.1.7
==============================================
  Golomb Ruler Solver - Sequential Benchmark
  Romeo 2025 - Architecture: x64cpu
==============================================
Job ID: 251928
Node: romeo-c029
Scratch: /scratch_p/nimarano/251928
Start time: Mon Jan  5 03:22:36 CET 2026
Order: 10
Version: v2
Threads: 1
==============================================

Running: ./build/golomb_v2 10

=== Raw Output ===
=== Golomb Ruler Solver v2: Backtracking ===
Order: 10, Max length: 110 (symmetry enabled)
Searching...

=== Golomb G10 ===
Solution: [0, 1, 6, 10, 23, 26, 34, 41, 53, 55]
Length: 55
Time: 231.60 ms
Nodes explored: 4217620

*** OPTIMAL SOLUTION FOUND ***

=== CSV Result ===
version,order,time_ms,nodes_explored,nodes_pruned,solution,length
2,10,231.60,4217620,0,"[0, 1, 6, 10, 23, 26, 34, 41, 53, 55]",55

=== Copying results to home directory ===
'results/romeo/seq_G10_v2_t1.csv' -> '/home/nimarano/golomb/results/romeo/seq_G10_v2_t1.csv'
'results/romeo/seq_G10_v2_t1_raw.txt' -> '/home/nimarano/golomb/results/romeo/seq_G10_v2_t1_raw.txt'

=== Cleaning up scratch ===

==============================================
Results saved to: /home/nimarano/golomb/results/romeo/seq_G10_v2_t1.csv
End time: Mon Jan  5 03:22:38 CET 2026
==============================================
