Loading x86_64 (no gpu) environment
Environment loaded. Spack available.
=== Romeo 2025 Environment ===
Architecture: x64cpu
Compiler: g++ (GCC) 11.4.1 20231218 (Red Hat 11.4.1-3)
MPI: mpirun (Open MPI) 4.1.7

Spack packages:
-- linux-rhel9-zen4 / no compilers ------------------------------
openmpi@4.1.7
==============================================
  Golomb Ruler Solver - Sequential Benchmark
  Romeo 2025 - Architecture: x64cpu
==============================================
Job ID: 251955
Node: romeo-c030
Scratch: /scratch_p/nimarano/251955
Start time: Mon Jan  5 03:22:37 CET 2026
Order: 14
Version: v6
Threads: 16
==============================================

Running: OMP_NUM_THREADS=16 ./build/golomb_v6 14 --threads 16

=== Raw Output ===
=== Golomb Ruler Solver v6: Hardware Optimized ===
Threads: 16 (HT enabled, 96 physical)
SIMD/AVX2: Enabled
Order: 14

=== Golomb G14 ===
Solution: [0, 4, 6, 20, 35, 52, 59, 77, 78, 86, 89, 99, 122, 127]
Length: 127
Time: 1006948.95 ms
Nodes explored: 96889085524
Nodes pruned: 326592105751
Pruning ratio: 77.1%

*** OPTIMAL SOLUTION FOUND ***

=== CSV Result ===
version,order,threads,time_ms,nodes_explored,nodes_pruned,solution,length
6,14,16,1006948.95,96889085524,326592105751,"[0, 4, 6, 20, 35, 52, 59, 77, 78, 86, 89, 99, 122, 127]",127

=== Copying results to home directory ===
'results/romeo/seq_G14_v6_t16.csv' -> '/home/nimarano/golomb/results/romeo/seq_G14_v6_t16.csv'
'results/romeo/seq_G14_v6_t16_raw.txt' -> '/home/nimarano/golomb/results/romeo/seq_G14_v6_t16_raw.txt'

=== Cleaning up scratch ===

==============================================
Results saved to: /home/nimarano/golomb/results/romeo/seq_G14_v6_t16.csv
End time: Mon Jan  5 03:39:24 CET 2026
==============================================
