Loading x86_64 (no gpu) environment
Environment loaded. Spack available.
=== Romeo 2025 Environment ===
Architecture: x64cpu
Compiler: g++ (GCC) 11.4.1 20231218 (Red Hat 11.4.1-3)
MPI: mpirun (Open MPI) 4.1.7

Spack packages:
-- linux-rhel9-zen4 / no compilers ------------------------------
openmpi@4.1.7
==============================================
  Golomb Ruler Solver - Sequential Benchmark
  Romeo 2025 - Architecture: x64cpu
==============================================
Job ID: 250220
Node: romeo-c029
Scratch: /scratch_p/nimarano/250220
Start time: Sun Jan  4 04:11:08 CET 2026
Order: 5
Version: v1
Threads: 1
==============================================

Running: ./build/golomb_v1 5

=== Raw Output ===
=== Golomb Ruler Solver v1: Brute Force ===
Order: 5, Max length: 22
Searching...

=== Golomb G5 ===
Solution: [0, 1, 4, 9, 11]
Length: 11
Time: 1.29 ms
Nodes explored: 7315

*** OPTIMAL SOLUTION FOUND ***

=== CSV Result ===
version,order,time_ms,nodes_explored,nodes_pruned,solution,length
1,5,1.29,7315,0,"[0, 1, 4, 9, 11]",11

=== Copying results to home directory ===
'results/romeo/seq_G5_v1_t1.csv' -> '/home/nimarano/golomb/results/romeo/seq_G5_v1_t1.csv'
'results/romeo/seq_G5_v1_t1_raw.txt' -> '/home/nimarano/golomb/results/romeo/seq_G5_v1_t1_raw.txt'

=== Cleaning up scratch ===

==============================================
Results saved to: /home/nimarano/golomb/results/romeo/seq_G5_v1_t1.csv
End time: Sun Jan  4 04:11:08 CET 2026
==============================================
