Loading x86_64 (no gpu) environment
Environment loaded. Spack available.
=== Romeo 2025 Environment ===
Architecture: x64cpu
Compiler: g++ (GCC) 11.4.1 20231218 (Red Hat 11.4.1-3)
MPI: mpirun (Open MPI) 4.1.7

Spack packages:
-- linux-rhel9-zen4 / no compilers ------------------------------
openmpi@4.1.7
==============================================
  Golomb Ruler Solver - Sequential Benchmark
  Romeo 2025 - Architecture: x64cpu
==============================================
Job ID: 254884
Node: romeo-c030
Scratch: /scratch_p/nimarano/254884
Start time: Tue Jan  6 08:22:41 CET 2026
Order: 9
Version: v1
Threads: 1
==============================================

Running: ./build/golomb_v1 9

=== Raw Output ===
=== Golomb Ruler Solver v1: Sequential ===
SIMD/AVX2: Enabled
Order: 9

=== Golomb G9 ===
Solution: [0, 1, 5, 12, 25, 27, 35, 41, 44]
Length: 44
Time: 30.06 ms
Nodes explored: 303756
Nodes pruned: 546788
Pruning ratio: 64.3%

*** OPTIMAL SOLUTION FOUND ***

=== CSV Result ===
version,order,time_ms,nodes_explored,nodes_pruned,solution,length
1,9,30.06,303756,546788,"[0, 1, 5, 12, 25, 27, 35, 41, 44]",44

=== Copying results to home directory ===
'results/romeo/seq_G9_v1_t1.csv' -> '/home/nimarano/golomb/results/romeo/seq_G9_v1_t1.csv'
'results/romeo/seq_G9_v1_t1_raw.txt' -> '/home/nimarano/golomb/results/romeo/seq_G9_v1_t1_raw.txt'

=== Cleaning up scratch ===

==============================================
Results saved to: /home/nimarano/golomb/results/romeo/seq_G9_v1_t1.csv
End time: Tue Jan  6 08:22:41 CET 2026
==============================================
