Loading x86_64 (no gpu) environment
Environment loaded. Spack available.
=== Romeo 2025 Environment ===
Architecture: x64cpu
Compiler: g++ (GCC) 11.4.1 20231218 (Red Hat 11.4.1-3)
MPI: mpirun (Open MPI) 4.1.7

Spack packages:
-- linux-rhel9-zen4 / no compilers ------------------------------
openmpi@4.1.7
==============================================
  Golomb Ruler Solver - Sequential Benchmark
  Romeo 2025 - Architecture: x64cpu
==============================================
Job ID: 254893
Node: romeo-c034
Scratch: /scratch_p/nimarano/254893
Start time: Tue Jan  6 08:22:38 CET 2026
Order: 8
Version: v2
Threads: 8
==============================================

Running: ./build/golomb_v2 8

=== Raw Output ===
=== Golomb Ruler Solver v2: OpenMP ===
Threads: 96 (HT enabled, 96 physical)
SIMD/AVX2: Enabled
Order: 8

=== Golomb G8 ===
Solution: [0, 1, 4, 9, 15, 22, 32, 34]
Length: 34
Time: 20.46 ms
Nodes explored: 61800
Nodes pruned: 81780
Pruning ratio: 57.0%

*** OPTIMAL SOLUTION FOUND ***

=== CSV Result ===
version,order,time_ms,nodes_explored,nodes_pruned,solution,length
2,8,20.46,61800,81780,"[0, 1, 4, 9, 15, 22, 32, 34]",34

=== Copying results to home directory ===
'results/romeo/seq_G8_v2_t8.csv' -> '/home/nimarano/golomb/results/romeo/seq_G8_v2_t8.csv'
'results/romeo/seq_G8_v2_t8_raw.txt' -> '/home/nimarano/golomb/results/romeo/seq_G8_v2_t8_raw.txt'

=== Cleaning up scratch ===

==============================================
Results saved to: /home/nimarano/golomb/results/romeo/seq_G8_v2_t8.csv
End time: Tue Jan  6 08:22:38 CET 2026
==============================================
