Loading x86_64 (no gpu) environment
Environment loaded. Spack available.
=== Romeo 2025 Environment ===
Architecture: x64cpu
Compiler: g++ (GCC) 11.4.1 20231218 (Red Hat 11.4.1-3)
MPI: mpirun (Open MPI) 4.1.7

Spack packages:
-- linux-rhel9-zen4 / no compilers ------------------------------
openmpi@4.1.7
==============================================
  Golomb Ruler Solver - Sequential Benchmark
  Romeo 2025 - Architecture: x64cpu
==============================================
Job ID: 254890
Node: romeo-c034
Scratch: /scratch_p/nimarano/254890
Start time: Tue Jan  6 08:22:38 CET 2026
Order: 7
Version: v2
Threads: 32
==============================================

Running: ./build/golomb_v2 7

=== Raw Output ===
=== Golomb Ruler Solver v2: OpenMP ===
Threads: 4 (HT enabled, 96 physical)
SIMD/AVX2: Enabled
Order: 7

=== Golomb G7 ===
Solution: [0, 3, 4, 12, 18, 23, 25]
Length: 25
Time: 4.09 ms
Nodes explored: 4434
Nodes pruned: 4717
Pruning ratio: 51.5%

*** OPTIMAL SOLUTION FOUND ***

=== CSV Result ===
version,order,time_ms,nodes_explored,nodes_pruned,solution,length
2,7,4.09,4434,4717,"[0, 3, 4, 12, 18, 23, 25]",25

=== Copying results to home directory ===
'results/romeo/seq_G7_v2_t32.csv' -> '/home/nimarano/golomb/results/romeo/seq_G7_v2_t32.csv'
'results/romeo/seq_G7_v2_t32_raw.txt' -> '/home/nimarano/golomb/results/romeo/seq_G7_v2_t32_raw.txt'

=== Cleaning up scratch ===

==============================================
Results saved to: /home/nimarano/golomb/results/romeo/seq_G7_v2_t32.csv
End time: Tue Jan  6 08:22:38 CET 2026
==============================================
