Loading x86_64 (no gpu) environment
Environment loaded. Spack available.
=== Romeo 2025 Environment ===
Architecture: x64cpu
Compiler: g++ (GCC) 11.4.1 20231218 (Red Hat 11.4.1-3)
MPI: mpirun (Open MPI) 4.1.7

Spack packages:
-- linux-rhel9-zen4 / no compilers ------------------------------
openmpi@4.1.7
==============================================
  Golomb Ruler Solver - Sequential Benchmark
  Romeo 2025 - Architecture: x64cpu
==============================================
Job ID: 254899
Node: romeo-c036
Scratch: /scratch_p/nimarano/254899
Start time: Tue Jan  6 08:22:39 CET 2026
Order: 9
Version: v2
Threads: 16
==============================================

Running: ./build/golomb_v2 9

=== Raw Output ===
=== Golomb Ruler Solver v2: OpenMP ===
Threads: 96 (HT enabled, 96 physical)
SIMD/AVX2: Enabled
Order: 9

=== Golomb G9 ===
Solution: [0, 1, 5, 12, 25, 27, 35, 41, 44]
Length: 44
Time: 17.30 ms
Nodes explored: 510625
Nodes pruned: 869338
Pruning ratio: 63.0%

*** OPTIMAL SOLUTION FOUND ***

=== CSV Result ===
version,order,time_ms,nodes_explored,nodes_pruned,solution,length
2,9,17.30,510625,869338,"[0, 1, 5, 12, 25, 27, 35, 41, 44]",44

=== Copying results to home directory ===
'results/romeo/seq_G9_v2_t16.csv' -> '/home/nimarano/golomb/results/romeo/seq_G9_v2_t16.csv'
'results/romeo/seq_G9_v2_t16_raw.txt' -> '/home/nimarano/golomb/results/romeo/seq_G9_v2_t16_raw.txt'

=== Cleaning up scratch ===

==============================================
Results saved to: /home/nimarano/golomb/results/romeo/seq_G9_v2_t16.csv
End time: Tue Jan  6 08:22:39 CET 2026
==============================================
