Loading x86_64 (no gpu) environment
Environment loaded. Spack available.
=== Romeo 2025 Environment ===
Architecture: x64cpu
Compiler: g++ (GCC) 11.4.1 20231218 (Red Hat 11.4.1-3)
MPI: mpirun (Open MPI) 4.1.7

Spack packages:
-- linux-rhel9-zen4 / no compilers ------------------------------
openmpi@4.1.7
==============================================
  Golomb Ruler Solver - Sequential Benchmark
  Romeo 2025 - Architecture: x64cpu
==============================================
Job ID: 251936
Node: romeo-c029
Scratch: /scratch_p/nimarano/251936
Start time: Mon Jan  5 03:22:36 CET 2026
Order: 10
Version: v6
Threads: 1
==============================================

Running: OMP_NUM_THREADS=1 ./build/golomb_v6 10 --threads 1

=== Raw Output ===
=== Golomb Ruler Solver v6: Hardware Optimized ===
Threads: 1 (HT enabled, 96 physical)
SIMD/AVX2: Enabled
Order: 10

=== Golomb G10 ===
Solution: [0, 2, 14, 21, 29, 32, 45, 49, 54, 55]
Length: 55
Time: 329.29 ms
Nodes explored: 2798026
Nodes pruned: 5964717
Pruning ratio: 68.1%

*** OPTIMAL SOLUTION FOUND ***

=== CSV Result ===
version,order,threads,time_ms,nodes_explored,nodes_pruned,solution,length
6,10,1,329.29,2798026,5964717,"[0, 2, 14, 21, 29, 32, 45, 49, 54, 55]",55

=== Copying results to home directory ===
'results/romeo/seq_G10_v6_t1.csv' -> '/home/nimarano/golomb/results/romeo/seq_G10_v6_t1.csv'
'results/romeo/seq_G10_v6_t1_raw.txt' -> '/home/nimarano/golomb/results/romeo/seq_G10_v6_t1_raw.txt'

=== Cleaning up scratch ===

==============================================
Results saved to: /home/nimarano/golomb/results/romeo/seq_G10_v6_t1.csv
End time: Mon Jan  5 03:22:38 CET 2026
==============================================
