Loading x86_64 (no gpu) environment
Environment loaded. Spack available.
=== Romeo 2025 Environment ===
Architecture: x64cpu
Compiler: g++ (GCC) 11.4.1 20231218 (Red Hat 11.4.1-3)
MPI: mpirun (Open MPI) 4.1.7

Spack packages:
-- linux-rhel9-zen4 / no compilers ------------------------------
openmpi@4.1.7
==============================================
  Golomb Ruler Solver - Sequential Benchmark
  Romeo 2025 - Architecture: x64cpu
==============================================
Job ID: 251953
Node: romeo-c033
Scratch: /scratch_p/nimarano/251953
Start time: Mon Jan  5 03:22:31 CET 2026
Order: 14
Version: v6
Threads: 4
==============================================

Running: OMP_NUM_THREADS=4 ./build/golomb_v6 14 --threads 4

=== Raw Output ===
=== Golomb Ruler Solver v6: Hardware Optimized ===
Threads: 4 (HT enabled, 96 physical)
SIMD/AVX2: Enabled
Order: 14

=== Golomb G14 ===
Solution: [0, 5, 28, 38, 41, 49, 50, 68, 75, 92, 107, 121, 123, 127]
Length: 127
Time: 3525202.90 ms
Nodes explored: 88462191953
Nodes pruned: 292812989024
Pruning ratio: 76.8%

*** OPTIMAL SOLUTION FOUND ***

=== CSV Result ===
version,order,threads,time_ms,nodes_explored,nodes_pruned,solution,length
6,14,4,3525202.90,88462191953,292812989024,"[0, 5, 28, 38, 41, 49, 50, 68, 75, 92, 107, 121, 123, 127]",127

=== Copying results to home directory ===
'results/romeo/seq_G14_v6_t4.csv' -> '/home/nimarano/golomb/results/romeo/seq_G14_v6_t4.csv'
'results/romeo/seq_G14_v6_t4_raw.txt' -> '/home/nimarano/golomb/results/romeo/seq_G14_v6_t4_raw.txt'

=== Cleaning up scratch ===

==============================================
Results saved to: /home/nimarano/golomb/results/romeo/seq_G14_v6_t4.csv
End time: Mon Jan  5 04:21:16 CET 2026
==============================================
