Loading x86_64 (no gpu) environment
Environment loaded. Spack available.
=== Romeo 2025 Environment ===
Architecture: x64cpu
Compiler: g++ (GCC) 11.4.1 20231218 (Red Hat 11.4.1-3)
MPI: mpirun (Open MPI) 4.1.7

Spack packages:
-- linux-rhel9-zen4 / no compilers ------------------------------
openmpi@4.1.7
==============================================
  Golomb Ruler Solver - Sequential Benchmark
  Romeo 2025 - Architecture: x64cpu
==============================================
Job ID: 251938
Node: romeo-c030
Scratch: /scratch_p/nimarano/251938
Start time: Mon Jan  5 03:22:34 CET 2026
Order: 10
Version: v6
Threads: 8
==============================================

Running: OMP_NUM_THREADS=8 ./build/golomb_v6 10 --threads 8

=== Raw Output ===
=== Golomb Ruler Solver v6: Hardware Optimized ===
Threads: 8 (HT enabled, 96 physical)
SIMD/AVX2: Enabled
Order: 10

=== Golomb G10 ===
Solution: [0, 1, 6, 10, 23, 26, 34, 41, 53, 55]
Length: 55
Time: 81.72 ms
Nodes explored: 5365853
Nodes pruned: 10837508
Pruning ratio: 66.9%

*** OPTIMAL SOLUTION FOUND ***

=== CSV Result ===
version,order,threads,time_ms,nodes_explored,nodes_pruned,solution,length
6,10,8,81.72,5365853,10837508,"[0, 1, 6, 10, 23, 26, 34, 41, 53, 55]",55

=== Copying results to home directory ===
'results/romeo/seq_G10_v6_t8.csv' -> '/home/nimarano/golomb/results/romeo/seq_G10_v6_t8.csv'
'results/romeo/seq_G10_v6_t8_raw.txt' -> '/home/nimarano/golomb/results/romeo/seq_G10_v6_t8_raw.txt'

=== Cleaning up scratch ===

==============================================
Results saved to: /home/nimarano/golomb/results/romeo/seq_G10_v6_t8.csv
End time: Mon Jan  5 03:22:34 CET 2026
==============================================
