Loading x86_64 (no gpu) environment
Environment loaded. Spack available.
=== Romeo 2025 Environment ===
Architecture: x64cpu
Compiler: g++ (GCC) 11.4.1 20231218 (Red Hat 11.4.1-3)
MPI: mpirun (Open MPI) 4.1.7

Spack packages:
-- linux-rhel9-zen4 / no compilers ------------------------------
openmpi@4.1.7
==============================================
  Golomb Ruler Solver - Sequential Benchmark
  Romeo 2025 - Architecture: x64cpu
==============================================
Job ID: 251944
Node: romeo-c030
Scratch: /scratch_p/nimarano/251944
Start time: Mon Jan  5 03:22:34 CET 2026
Order: 12
Version: v6
Threads: 1
==============================================

Running: OMP_NUM_THREADS=1 ./build/golomb_v6 12 --threads 1

=== Raw Output ===
=== Golomb Ruler Solver v6: Hardware Optimized ===
Threads: 1 (HT enabled, 96 physical)
SIMD/AVX2: Enabled
Order: 12

=== Golomb G12 ===
Solution: [0, 2, 6, 24, 29, 40, 43, 55, 68, 75, 76, 85]
Length: 85
Time: 47581.73 ms
Nodes explored: 343450195
Nodes pruned: 977768758
Pruning ratio: 74.0%

*** OPTIMAL SOLUTION FOUND ***

=== CSV Result ===
version,order,threads,time_ms,nodes_explored,nodes_pruned,solution,length
6,12,1,47581.73,343450195,977768758,"[0, 2, 6, 24, 29, 40, 43, 55, 68, 75, 76, 85]",85

=== Copying results to home directory ===
'results/romeo/seq_G12_v6_t1.csv' -> '/home/nimarano/golomb/results/romeo/seq_G12_v6_t1.csv'
'results/romeo/seq_G12_v6_t1_raw.txt' -> '/home/nimarano/golomb/results/romeo/seq_G12_v6_t1_raw.txt'

=== Cleaning up scratch ===

==============================================
Results saved to: /home/nimarano/golomb/results/romeo/seq_G12_v6_t1.csv
End time: Mon Jan  5 03:23:21 CET 2026
==============================================
