Loading x86_64 (no gpu) environment
Environment loaded. Spack available.
=== Romeo 2025 Environment ===
Architecture: x64cpu
Compiler: g++ (GCC) 11.4.1 20231218 (Red Hat 11.4.1-3)
MPI: mpirun (Open MPI) 4.1.7

Spack packages:
-- linux-rhel9-zen4 / no compilers ------------------------------
openmpi@4.1.7
==============================================
  Golomb Ruler Solver - Sequential Benchmark
  Romeo 2025 - Architecture: x64cpu
==============================================
Job ID: 251951
Node: romeo-c033
Scratch: /scratch_p/nimarano/251951
Start time: Mon Jan  5 03:22:31 CET 2026
Order: 13
Version: v6
Threads: 16
==============================================

Running: OMP_NUM_THREADS=16 ./build/golomb_v6 13 --threads 16

=== Raw Output ===
=== Golomb Ruler Solver v6: Hardware Optimized ===
Threads: 16 (HT enabled, 96 physical)
SIMD/AVX2: Enabled
Order: 13

=== Golomb G13 ===
Solution: [0, 7, 8, 17, 21, 36, 47, 63, 69, 81, 101, 104, 106]
Length: 106
Time: 79061.26 ms
Nodes explored: 8751747104
Nodes pruned: 27116242796
Pruning ratio: 75.6%

*** OPTIMAL SOLUTION FOUND ***

=== CSV Result ===
version,order,threads,time_ms,nodes_explored,nodes_pruned,solution,length
6,13,16,79061.26,8751747104,27116242796,"[0, 7, 8, 17, 21, 36, 47, 63, 69, 81, 101, 104, 106]",106

=== Copying results to home directory ===
'results/romeo/seq_G13_v6_t16.csv' -> '/home/nimarano/golomb/results/romeo/seq_G13_v6_t16.csv'
'results/romeo/seq_G13_v6_t16_raw.txt' -> '/home/nimarano/golomb/results/romeo/seq_G13_v6_t16_raw.txt'

=== Cleaning up scratch ===

==============================================
Results saved to: /home/nimarano/golomb/results/romeo/seq_G13_v6_t16.csv
End time: Mon Jan  5 03:23:50 CET 2026
==============================================
