Loading x86_64 (no gpu) environment
Environment loaded. Spack available.
=== Romeo 2025 Environment ===
Architecture: x64cpu
Compiler: g++ (GCC) 11.4.1 20231218 (Red Hat 11.4.1-3)
MPI: mpirun (Open MPI) 4.1.7

Spack packages:
-- linux-rhel9-zen4 / no compilers ------------------------------
openmpi@4.1.7
==============================================
  Golomb Ruler Solver - Sequential Benchmark
  Romeo 2025 - Architecture: x64cpu
==============================================
Job ID: 251926
Node: romeo-c029
Scratch: /scratch_p/nimarano/251926
Start time: Mon Jan  5 03:21:42 CET 2026
Order: 10
Version: v1
Threads: 1
==============================================

Running: ./build/golomb_v1 10
