Loading x86_64 (no gpu) environment
Environment loaded. Spack available.
=== Romeo 2025 Environment ===
Architecture: x64cpu
Compiler: g++ (GCC) 11.4.1 20231218 (Red Hat 11.4.1-3)
MPI: mpirun (Open MPI) 4.1.7

Spack packages:
-- linux-rhel9-zen4 / no compilers ------------------------------
openmpi@4.1.7
==============================================
  Golomb Ruler Solver - Sequential Benchmark
  Romeo 2025 - Architecture: x64cpu
==============================================
Job ID: 254888
Node: romeo-c030
Scratch: /scratch_p/nimarano/254888
Start time: Tue Jan  6 08:22:41 CET 2026
Order: 7
Version: v2
Threads: 8
==============================================

Running: ./build/golomb_v2 7

=== Raw Output ===
=== Golomb Ruler Solver v2: OpenMP ===
Threads: 4 (HT enabled, 96 physical)
SIMD/AVX2: Enabled
Order: 7

=== Golomb G7 ===
Solution: [0, 4, 9, 15, 22, 23, 25]
Length: 25
Time: 7.19 ms
Nodes explored: 4424
Nodes pruned: 4737
Pruning ratio: 51.7%

*** OPTIMAL SOLUTION FOUND ***

=== CSV Result ===
version,order,time_ms,nodes_explored,nodes_pruned,solution,length
2,7,7.19,4424,4737,"[0, 4, 9, 15, 22, 23, 25]",25

=== Copying results to home directory ===
'results/romeo/seq_G7_v2_t8.csv' -> '/home/nimarano/golomb/results/romeo/seq_G7_v2_t8.csv'
'results/romeo/seq_G7_v2_t8_raw.txt' -> '/home/nimarano/golomb/results/romeo/seq_G7_v2_t8_raw.txt'

=== Cleaning up scratch ===

==============================================
Results saved to: /home/nimarano/golomb/results/romeo/seq_G7_v2_t8.csv
End time: Tue Jan  6 08:22:41 CET 2026
==============================================
