Loading x86_64 (no gpu) environment
Environment loaded. Spack available.
=== Romeo 2025 Environment ===
Architecture: x64cpu
Compiler: g++ (GCC) 11.4.1 20231218 (Red Hat 11.4.1-3)
MPI: mpirun (Open MPI) 4.1.7

Spack packages:
-- linux-rhel9-zen4 / no compilers ------------------------------
openmpi@4.1.7
==============================================
  Golomb Ruler Solver - Sequential Benchmark
  Romeo 2025 - Architecture: x64cpu
==============================================
Job ID: 251937
Node: romeo-c029
Scratch: /scratch_p/nimarano/251937
Start time: Mon Jan  5 03:22:36 CET 2026
Order: 10
Version: v6
Threads: 4
==============================================

Running: OMP_NUM_THREADS=4 ./build/golomb_v6 10 --threads 4

=== Raw Output ===
=== Golomb Ruler Solver v6: Hardware Optimized ===
Threads: 4 (HT enabled, 96 physical)
SIMD/AVX2: Enabled
Order: 10

=== Golomb G10 ===
Solution: [0, 2, 14, 21, 29, 32, 45, 49, 54, 55]
Length: 55
Time: 106.47 ms
Nodes explored: 3031867
Nodes pruned: 6411874
Pruning ratio: 67.9%

*** OPTIMAL SOLUTION FOUND ***

=== CSV Result ===
version,order,threads,time_ms,nodes_explored,nodes_pruned,solution,length
6,10,4,106.47,3031867,6411874,"[0, 2, 14, 21, 29, 32, 45, 49, 54, 55]",55

=== Copying results to home directory ===
'results/romeo/seq_G10_v6_t4.csv' -> '/home/nimarano/golomb/results/romeo/seq_G10_v6_t4.csv'
'results/romeo/seq_G10_v6_t4_raw.txt' -> '/home/nimarano/golomb/results/romeo/seq_G10_v6_t4_raw.txt'

=== Cleaning up scratch ===

==============================================
Results saved to: /home/nimarano/golomb/results/romeo/seq_G10_v6_t4.csv
End time: Mon Jan  5 03:22:38 CET 2026
==============================================
