Loading x86_64 (no gpu) environment
Environment loaded. Spack available.
=== Romeo 2025 Environment ===
Architecture: x64cpu
Compiler: g++ (GCC) 11.4.1 20231218 (Red Hat 11.4.1-3)
MPI: mpirun (Open MPI) 4.1.7

Spack packages:
-- linux-rhel9-zen4 / no compilers ------------------------------
openmpi@4.1.7
==============================================
  Golomb Ruler Solver - Sequential Benchmark
  Romeo 2025 - Architecture: x64cpu
==============================================
Job ID: 250222
Node: romeo-c029
Scratch: /scratch_p/nimarano/250222
Start time: Sun Jan  4 04:13:44 CET 2026
Order: 10
Version: v5
Threads: 1
==============================================

Running: ./build/golomb_v5 10

=== Raw Output ===
=== Golomb Ruler Solver v5: Final Sequential ===
Order: 10 (symmetry enabled)

=== Golomb G10 ===
Solution: [0, 1, 6, 10, 23, 26, 34, 41, 53, 55]
Length: 55
Time: 152.84 ms
Nodes explored: 2466476
Nodes pruned: 5398765
Pruning ratio: 68.6%

*** OPTIMAL SOLUTION FOUND ***

=== CSV Result ===
version,order,time_ms,nodes_explored,nodes_pruned,solution,length
5,10,152.84,2466476,5398765,"[0, 1, 6, 10, 23, 26, 34, 41, 53, 55]",55

=== Copying results to home directory ===
'results/romeo/seq_G10_v5_t1.csv' -> '/home/nimarano/golomb/results/romeo/seq_G10_v5_t1.csv'
'results/romeo/seq_G10_v5_t1_raw.txt' -> '/home/nimarano/golomb/results/romeo/seq_G10_v5_t1_raw.txt'

=== Cleaning up scratch ===

==============================================
Results saved to: /home/nimarano/golomb/results/romeo/seq_G10_v5_t1.csv
End time: Sun Jan  4 04:13:44 CET 2026
==============================================
