Loading x86_64 (no gpu) environment
Environment loaded. Spack available.
=== Romeo 2025 Environment ===
Architecture: x64cpu
Compiler: g++ (GCC) 11.4.1 20231218 (Red Hat 11.4.1-3)
MPI: mpirun (Open MPI) 4.1.7

Spack packages:
-- linux-rhel9-zen4 / no compilers ------------------------------
openmpi@4.1.7
==============================================
  Golomb Ruler Solver - Sequential Benchmark
  Romeo 2025 - Architecture: x64cpu
==============================================
Job ID: 254886
Node: romeo-c034
Scratch: /scratch_p/nimarano/254886
Start time: Tue Jan  6 08:22:39 CET 2026
Order: 11
Version: v1
Threads: 1
==============================================

Running: ./build/golomb_v1 11

=== Raw Output ===
=== Golomb Ruler Solver v1: Sequential ===
SIMD/AVX2: Enabled
Order: 11

=== Golomb G11 ===
Solution: [0, 1, 4, 13, 28, 33, 47, 54, 64, 70, 72]
Length: 72
Time: 5093.03 ms
Nodes explored: 43152640
Nodes pruned: 104815909
Pruning ratio: 70.8%

*** OPTIMAL SOLUTION FOUND ***

=== CSV Result ===
version,order,time_ms,nodes_explored,nodes_pruned,solution,length
1,11,5093.03,43152640,104815909,"[0, 1, 4, 13, 28, 33, 47, 54, 64, 70, 72]",72

=== Copying results to home directory ===
'results/romeo/seq_G11_v1_t1.csv' -> '/home/nimarano/golomb/results/romeo/seq_G11_v1_t1.csv'
'results/romeo/seq_G11_v1_t1_raw.txt' -> '/home/nimarano/golomb/results/romeo/seq_G11_v1_t1_raw.txt'

=== Cleaning up scratch ===

==============================================
Results saved to: /home/nimarano/golomb/results/romeo/seq_G11_v1_t1.csv
End time: Tue Jan  6 08:22:44 CET 2026
==============================================
