Loading x86_64 (no gpu) environment
Environment loaded. Spack available.
=== Romeo 2025 Environment ===
Architecture: x64cpu
Compiler: g++ (GCC) 11.4.1 20231218 (Red Hat 11.4.1-3)
MPI: mpirun (Open MPI) 4.1.7

Spack packages:
-- linux-rhel9-zen4 / no compilers ------------------------------
openmpi@4.1.7
==============================================
  Golomb Ruler Solver - Sequential Benchmark
  Romeo 2025 - Architecture: x64cpu
==============================================
Job ID: 254885
Node: romeo-c030
Scratch: /scratch_p/nimarano/254885
Start time: Tue Jan  6 08:22:41 CET 2026
Order: 10
Version: v1
Threads: 1
==============================================

Running: ./build/golomb_v1 10

=== Raw Output ===
=== Golomb Ruler Solver v1: Sequential ===
SIMD/AVX2: Enabled
Order: 10

=== Golomb G10 ===
Solution: [0, 1, 6, 10, 23, 26, 34, 41, 53, 55]
Length: 55
Time: 264.01 ms
Nodes explored: 2466475
Nodes pruned: 5398574
Pruning ratio: 68.6%

*** OPTIMAL SOLUTION FOUND ***

=== CSV Result ===
version,order,time_ms,nodes_explored,nodes_pruned,solution,length
1,10,264.01,2466475,5398574,"[0, 1, 6, 10, 23, 26, 34, 41, 53, 55]",55

=== Copying results to home directory ===
'results/romeo/seq_G10_v1_t1.csv' -> '/home/nimarano/golomb/results/romeo/seq_G10_v1_t1.csv'
'results/romeo/seq_G10_v1_t1_raw.txt' -> '/home/nimarano/golomb/results/romeo/seq_G10_v1_t1_raw.txt'

=== Cleaning up scratch ===

==============================================
Results saved to: /home/nimarano/golomb/results/romeo/seq_G10_v1_t1.csv
End time: Tue Jan  6 08:22:41 CET 2026
==============================================
