Loading x86_64 (no gpu) environment
Environment loaded. Spack available.
=== Romeo 2025 Environment ===
Architecture: x64cpu
Compiler: g++ (GCC) 11.4.1 20231218 (Red Hat 11.4.1-3)
MPI: mpirun (Open MPI) 4.1.7

Spack packages:
-- linux-rhel9-zen4 / no compilers ------------------------------
openmpi@4.1.7
==============================================
  Golomb Ruler Solver - Sequential Benchmark
  Romeo 2025 - Architecture: x64cpu
==============================================
Job ID: 254908
Node: romeo-c037
Scratch: /scratch_p/nimarano/254908
Start time: Tue Jan  6 08:22:41 CET 2026
Order: 11
Version: v2
Threads: 8
==============================================

Running: ./build/golomb_v2 11

=== Raw Output ===
=== Golomb Ruler Solver v2: OpenMP ===
Threads: 192 (HT enabled, 96 physical)
SIMD/AVX2: Enabled
Order: 11

=== Golomb G11 ===
Solution: [0, 3, 14, 16, 20, 41, 48, 53, 63, 71, 72]
Length: 72
Time: 853.59 ms
Nodes explored: 52240721
Nodes pruned: 123233093
Pruning ratio: 70.2%

*** OPTIMAL SOLUTION FOUND ***

=== CSV Result ===
version,order,time_ms,nodes_explored,nodes_pruned,solution,length
2,11,853.59,52240721,123233093,"[0, 3, 14, 16, 20, 41, 48, 53, 63, 71, 72]",72

=== Copying results to home directory ===
'results/romeo/seq_G11_v2_t8.csv' -> '/home/nimarano/golomb/results/romeo/seq_G11_v2_t8.csv'
'results/romeo/seq_G11_v2_t8_raw.txt' -> '/home/nimarano/golomb/results/romeo/seq_G11_v2_t8_raw.txt'

=== Cleaning up scratch ===

==============================================
Results saved to: /home/nimarano/golomb/results/romeo/seq_G11_v2_t8.csv
End time: Tue Jan  6 08:22:42 CET 2026
==============================================
