Loading x86_64 (no gpu) environment
Environment loaded. Spack available.
=== Romeo 2025 Environment ===
Architecture: x64cpu
Compiler: g++ (GCC) 11.4.1 20231218 (Red Hat 11.4.1-3)
MPI: mpirun (Open MPI) 4.1.7

Spack packages:
-- linux-rhel9-zen4 / no compilers ------------------------------
openmpi@4.1.7
==============================================
  Golomb Ruler Solver - Sequential Benchmark
  Romeo 2025 - Architecture: x64cpu
==============================================
Job ID: 251935
Node: romeo-c030
Scratch: /scratch_p/nimarano/251935
Start time: Mon Jan  5 03:22:34 CET 2026
Order: 13
Version: v5
Threads: 1
==============================================

Running: ./build/golomb_v5 13

=== Raw Output ===
=== Golomb Ruler Solver v5: Final Sequential ===
Order: 13 (symmetry enabled)

=== Golomb G13 ===
Solution: [0, 2, 5, 25, 37, 43, 59, 70, 85, 89, 98, 99, 106]
Length: 106
Time: 531630.10 ms
Nodes explored: 6152081820
Nodes pruned: 19215812347
Pruning ratio: 75.7%

*** OPTIMAL SOLUTION FOUND ***

=== CSV Result ===
version,order,time_ms,nodes_explored,nodes_pruned,solution,length
5,13,531630.10,6152081820,19215812347,"[0, 2, 5, 25, 37, 43, 59, 70, 85, 89, 98, 99, 106]",106

=== Copying results to home directory ===
'results/romeo/seq_G13_v5_t1.csv' -> '/home/nimarano/golomb/results/romeo/seq_G13_v5_t1.csv'
'results/romeo/seq_G13_v5_t1_raw.txt' -> '/home/nimarano/golomb/results/romeo/seq_G13_v5_t1_raw.txt'

=== Cleaning up scratch ===

==============================================
Results saved to: /home/nimarano/golomb/results/romeo/seq_G13_v5_t1.csv
End time: Mon Jan  5 03:31:26 CET 2026
==============================================
