Loading x86_64 (no gpu) environment
Environment loaded. Spack available.
=== Romeo 2025 Environment ===
Architecture: x64cpu
Compiler: g++ (GCC) 11.4.1 20231218 (Red Hat 11.4.1-3)
MPI: mpirun (Open MPI) 4.1.7

Spack packages:
-- linux-rhel9-zen4 / no compilers ------------------------------
openmpi@4.1.7
==============================================
  Golomb Ruler Solver - Sequential Benchmark
  Romeo 2025 - Architecture: x64cpu
==============================================
Job ID: 251931
Node: romeo-c030
Scratch: /scratch_p/nimarano/251931
Start time: Mon Jan  5 03:22:34 CET 2026
Order: 11
Version: v4
Threads: 1
==============================================

Running: ./build/golomb_v4 11

=== Raw Output ===
=== Golomb Ruler Solver v4: Optimized ===
Order: 11 (symmetry breaking enabled)
Initial greedy solution: [0, 1, 3, 7, 12, 20, 30, 44, 65, 80, 96] (length 96)

=== Golomb G11 ===
Solution: [0, 1, 4, 13, 28, 33, 47, 54, 64, 70, 72]
Length: 72
Time: 3043.23 ms
Nodes explored: 43152641
Nodes pruned: 104816111
Pruning ratio: 70.8%

*** OPTIMAL SOLUTION FOUND ***

=== CSV Result ===
version,order,time_ms,nodes_explored,nodes_pruned,solution,length
4,11,3043.23,43152641,104816111,"[0, 1, 4, 13, 28, 33, 47, 54, 64, 70, 72]",72

=== Copying results to home directory ===
'results/romeo/seq_G11_v4_t1.csv' -> '/home/nimarano/golomb/results/romeo/seq_G11_v4_t1.csv'
'results/romeo/seq_G11_v4_t1_raw.txt' -> '/home/nimarano/golomb/results/romeo/seq_G11_v4_t1_raw.txt'

=== Cleaning up scratch ===

==============================================
Results saved to: /home/nimarano/golomb/results/romeo/seq_G11_v4_t1.csv
End time: Mon Jan  5 03:22:38 CET 2026
==============================================
