Loading x86_64 (no gpu) environment
Environment loaded. Spack available.
=== Romeo 2025 Environment ===
Architecture: x64cpu
Compiler: g++ (GCC) 11.4.1 20231218 (Red Hat 11.4.1-3)
MPI: mpirun (Open MPI) 4.1.7

Spack packages:
-- linux-rhel9-zen4 / no compilers ------------------------------
openmpi@4.1.7
==============================================
  Golomb Ruler Solver - Sequential Benchmark
  Romeo 2025 - Architecture: x64cpu
==============================================
Job ID: 254901
Node: romeo-c036
Scratch: /scratch_p/nimarano/254901
Start time: Tue Jan  6 08:22:39 CET 2026
Order: 9
Version: v2
Threads: 64
==============================================

Running: ./build/golomb_v2 9

=== Raw Output ===
=== Golomb Ruler Solver v2: OpenMP ===
Threads: 96 (HT enabled, 96 physical)
SIMD/AVX2: Enabled
Order: 9

=== Golomb G9 ===
Solution: [0, 3, 9, 17, 19, 32, 39, 43, 44]
Length: 44
Time: 14.30 ms
Nodes explored: 541268
Nodes pruned: 914090
Pruning ratio: 62.8%

*** OPTIMAL SOLUTION FOUND ***

=== CSV Result ===
version,order,time_ms,nodes_explored,nodes_pruned,solution,length
2,9,14.30,541268,914090,"[0, 3, 9, 17, 19, 32, 39, 43, 44]",44

=== Copying results to home directory ===
'results/romeo/seq_G9_v2_t64.csv' -> '/home/nimarano/golomb/results/romeo/seq_G9_v2_t64.csv'
'results/romeo/seq_G9_v2_t64_raw.txt' -> '/home/nimarano/golomb/results/romeo/seq_G9_v2_t64_raw.txt'

=== Cleaning up scratch ===

==============================================
Results saved to: /home/nimarano/golomb/results/romeo/seq_G9_v2_t64.csv
End time: Tue Jan  6 08:22:39 CET 2026
==============================================
