Loading x86_64 (no gpu) environment
Environment loaded. Spack available.
=== Romeo 2025 Environment ===
Architecture: x64cpu
Compiler: g++ (GCC) 11.4.1 20231218 (Red Hat 11.4.1-3)
MPI: mpirun (Open MPI) 4.1.7

Spack packages:
-- linux-rhel9-zen4 / no compilers ------------------------------
openmpi@4.1.7
==============================================
  Golomb Ruler Solver - Sequential Benchmark
  Romeo 2025 - Architecture: x64cpu
==============================================
Job ID: 254909
Node: romeo-c037
Scratch: /scratch_p/nimarano/254909
Start time: Tue Jan  6 08:22:41 CET 2026
Order: 11
Version: v2
Threads: 16
==============================================

Running: ./build/golomb_v2 11

=== Raw Output ===
=== Golomb Ruler Solver v2: OpenMP ===
Threads: 192 (HT enabled, 96 physical)
SIMD/AVX2: Enabled
Order: 11

=== Golomb G11 ===
Solution: [0, 1, 9, 19, 24, 31, 52, 56, 58, 69, 72]
Length: 72
Time: 509.19 ms
Nodes explored: 58055276
Nodes pruned: 135885257
Pruning ratio: 70.1%

*** OPTIMAL SOLUTION FOUND ***

=== CSV Result ===
version,order,time_ms,nodes_explored,nodes_pruned,solution,length
2,11,509.19,58055276,135885257,"[0, 1, 9, 19, 24, 31, 52, 56, 58, 69, 72]",72

=== Copying results to home directory ===
'results/romeo/seq_G11_v2_t16.csv' -> '/home/nimarano/golomb/results/romeo/seq_G11_v2_t16.csv'
'results/romeo/seq_G11_v2_t16_raw.txt' -> '/home/nimarano/golomb/results/romeo/seq_G11_v2_t16_raw.txt'

=== Cleaning up scratch ===

==============================================
Results saved to: /home/nimarano/golomb/results/romeo/seq_G11_v2_t16.csv
End time: Tue Jan  6 08:22:42 CET 2026
==============================================
