Loading x86_64 (no gpu) environment
Environment loaded. Spack available.
=== Romeo 2025 Environment ===
Architecture: x64cpu
Compiler: g++ (GCC) 11.4.1 20231218 (Red Hat 11.4.1-3)
MPI: mpirun (Open MPI) 4.1.7

Spack packages:
-- linux-rhel9-zen4 / no compilers ------------------------------
openmpi@4.1.7
==============================================
  Golomb Ruler Solver - Sequential Benchmark
  Romeo 2025 - Architecture: x64cpu
==============================================
Job ID: 254912
Node: romeo-c036
Scratch: /scratch_p/nimarano/254912
Start time: Tue Jan  6 08:22:40 CET 2026
Order: 12
Version: v2
Threads: 1
==============================================

Running: ./build/golomb_v2 12

=== Raw Output ===
=== Golomb Ruler Solver v2: OpenMP ===
Threads: 192 (HT enabled, 96 physical)
SIMD/AVX2: Enabled
Order: 12

=== Golomb G12 ===
Solution: [0, 9, 10, 17, 30, 42, 45, 56, 61, 79, 83, 85]
Length: 85
Time: 70020.00 ms
Nodes explored: 531102907
Nodes pruned: 1438920605
Pruning ratio: 73.0%

*** OPTIMAL SOLUTION FOUND ***

=== CSV Result ===
version,order,time_ms,nodes_explored,nodes_pruned,solution,length
2,12,70020.00,531102907,1438920605,"[0, 9, 10, 17, 30, 42, 45, 56, 61, 79, 83, 85]",85

=== Copying results to home directory ===
'results/romeo/seq_G12_v2_t1.csv' -> '/home/nimarano/golomb/results/romeo/seq_G12_v2_t1.csv'
'results/romeo/seq_G12_v2_t1_raw.txt' -> '/home/nimarano/golomb/results/romeo/seq_G12_v2_t1_raw.txt'

=== Cleaning up scratch ===

==============================================
Results saved to: /home/nimarano/golomb/results/romeo/seq_G12_v2_t1.csv
End time: Tue Jan  6 08:23:50 CET 2026
==============================================
