Loading x86_64 (no gpu) environment
Environment loaded. Spack available.
=== Romeo 2025 Environment ===
Architecture: x64cpu
Compiler: g++ (GCC) 11.4.1 20231218 (Red Hat 11.4.1-3)
MPI: mpirun (Open MPI) 4.1.7

Spack packages:
-- linux-rhel9-zen4 / no compilers ------------------------------
openmpi@4.1.7
==============================================
  Golomb Ruler Solver - Sequential Benchmark
  Romeo 2025 - Architecture: x64cpu
==============================================
Job ID: 251939
Node: romeo-c030
Scratch: /scratch_p/nimarano/251939
Start time: Mon Jan  5 03:22:33 CET 2026
Order: 10
Version: v6
Threads: 16
==============================================

Running: OMP_NUM_THREADS=16 ./build/golomb_v6 10 --threads 16

=== Raw Output ===
=== Golomb Ruler Solver v6: Hardware Optimized ===
Threads: 16 (HT enabled, 96 physical)
SIMD/AVX2: Enabled
Order: 10

=== Golomb G10 ===
Solution: [0, 2, 14, 21, 29, 32, 45, 49, 54, 55]
Length: 55
Time: 38.09 ms
Nodes explored: 2816944
Nodes pruned: 6109065
Pruning ratio: 68.4%

*** OPTIMAL SOLUTION FOUND ***

=== CSV Result ===
version,order,threads,time_ms,nodes_explored,nodes_pruned,solution,length
6,10,16,38.09,2816944,6109065,"[0, 2, 14, 21, 29, 32, 45, 49, 54, 55]",55

=== Copying results to home directory ===
'results/romeo/seq_G10_v6_t16.csv' -> '/home/nimarano/golomb/results/romeo/seq_G10_v6_t16.csv'
'results/romeo/seq_G10_v6_t16_raw.txt' -> '/home/nimarano/golomb/results/romeo/seq_G10_v6_t16_raw.txt'

=== Cleaning up scratch ===

==============================================
Results saved to: /home/nimarano/golomb/results/romeo/seq_G10_v6_t16.csv
End time: Mon Jan  5 03:22:34 CET 2026
==============================================
