Loading x86_64 (no gpu) environment
Environment loaded. Spack available.
=== Romeo 2025 Environment ===
Architecture: x64cpu
Compiler: g++ (GCC) 11.4.1 20231218 (Red Hat 11.4.1-3)
MPI: mpirun (Open MPI) 4.1.7

Spack packages:
-- linux-rhel9-zen4 / no compilers ------------------------------
openmpi@4.1.7
==============================================
  Golomb Ruler Solver - Sequential Benchmark
  Romeo 2025 - Architecture: x64cpu
==============================================
Job ID: 251949
Node: romeo-c030
Scratch: /scratch_p/nimarano/251949
Start time: Mon Jan  5 03:22:34 CET 2026
Order: 13
Version: v6
Threads: 4
==============================================

Running: OMP_NUM_THREADS=4 ./build/golomb_v6 13 --threads 4

=== Raw Output ===
=== Golomb Ruler Solver v6: Hardware Optimized ===
Threads: 4 (HT enabled, 96 physical)
SIMD/AVX2: Enabled
Order: 13

=== Golomb G13 ===
Solution: [0, 7, 8, 17, 21, 36, 47, 63, 69, 81, 101, 104, 106]
Length: 106
Time: 219295.01 ms
Nodes explored: 6013909149
Nodes pruned: 18874841845
Pruning ratio: 75.8%

*** OPTIMAL SOLUTION FOUND ***

=== CSV Result ===
version,order,threads,time_ms,nodes_explored,nodes_pruned,solution,length
6,13,4,219295.01,6013909149,18874841845,"[0, 7, 8, 17, 21, 36, 47, 63, 69, 81, 101, 104, 106]",106

=== Copying results to home directory ===
'results/romeo/seq_G13_v6_t4.csv' -> '/home/nimarano/golomb/results/romeo/seq_G13_v6_t4.csv'
'results/romeo/seq_G13_v6_t4_raw.txt' -> '/home/nimarano/golomb/results/romeo/seq_G13_v6_t4_raw.txt'

=== Cleaning up scratch ===

==============================================
Results saved to: /home/nimarano/golomb/results/romeo/seq_G13_v6_t4.csv
End time: Mon Jan  5 03:26:13 CET 2026
==============================================
