Loading x86_64 (no gpu) environment
Environment loaded. Spack available.
=== Romeo 2025 Environment ===
Architecture: x64cpu
Compiler: g++ (GCC) 11.4.1 20231218 (Red Hat 11.4.1-3)
MPI: mpirun (Open MPI) 4.1.7

Spack packages:
-- linux-rhel9-zen4 / no compilers ------------------------------
openmpi@4.1.7
==============================================
  Golomb Ruler Solver - Sequential Benchmark
  Romeo 2025 - Architecture: x64cpu
==============================================
Job ID: 254910
Node: romeo-c037
Scratch: /scratch_p/nimarano/254910
Start time: Tue Jan  6 08:22:41 CET 2026
Order: 11
Version: v2
Threads: 32
==============================================

Running: ./build/golomb_v2 11

=== Raw Output ===
=== Golomb Ruler Solver v2: OpenMP ===
Threads: 192 (HT enabled, 96 physical)
SIMD/AVX2: Enabled
Order: 11

=== Golomb G11 ===
Solution: [0, 3, 14, 16, 20, 41, 48, 53, 63, 71, 72]
Length: 72
Time: 249.21 ms
Nodes explored: 43527351
Nodes pruned: 105398575
Pruning ratio: 70.8%

*** OPTIMAL SOLUTION FOUND ***

=== CSV Result ===
version,order,time_ms,nodes_explored,nodes_pruned,solution,length
2,11,249.21,43527351,105398575,"[0, 3, 14, 16, 20, 41, 48, 53, 63, 71, 72]",72

=== Copying results to home directory ===
'results/romeo/seq_G11_v2_t32.csv' -> '/home/nimarano/golomb/results/romeo/seq_G11_v2_t32.csv'
'results/romeo/seq_G11_v2_t32_raw.txt' -> '/home/nimarano/golomb/results/romeo/seq_G11_v2_t32_raw.txt'

=== Cleaning up scratch ===

==============================================
Results saved to: /home/nimarano/golomb/results/romeo/seq_G11_v2_t32.csv
End time: Tue Jan  6 08:22:42 CET 2026
==============================================
