Loading x86_64 (no gpu) environment
Environment loaded. Spack available.
=== Romeo 2025 Environment ===
Architecture: x64cpu
Compiler: g++ (GCC) 11.4.1 20231218 (Red Hat 11.4.1-3)
MPI: mpirun (Open MPI) 4.1.7

Spack packages:
-- linux-rhel9-zen4 / no compilers ------------------------------
openmpi@4.1.7
=== Golomb Ruler MPI Trace ===
Version: v4
Order: G10
MPI Procs: 8
Start: Tue Jan  6 09:44:07 CET 2026
=== Golomb Ruler Solver v4: Pure Hypercube ===
Order: 10
MPI Processes: 8
OpenMP Threads/rank: 4
Total workers: 32
Prefix depth: 4
Hypercube dimension: 3
SIMD/AVX2: Enabled
Initial bound: 80
Total subtrees: 51932
Subtrees per rank: ~6491

=== Golomb G10 ===
Solution: [0, 1, 6, 10, 23, 26, 34, 41, 53, 55]
Length: 55
Time: 685.01 ms
Nodes explored: 3079813
Nodes pruned: 6505414
Best found by rank: 0
*** OPTIMAL SOLUTION FOUND ***
Trace saved to results/romeo/mpi_trace_v4_G10.csv
End: Tue Jan  6 09:44:09 CET 2026
