Loading x86_64 (no gpu) environment
Environment loaded. Spack available.
=== Romeo 2025 Environment ===
Architecture: x64cpu
Compiler: g++ (GCC) 11.4.1 20231218 (Red Hat 11.4.1-3)
MPI: mpirun (Open MPI) 4.1.7

Spack packages:
-- linux-rhel9-zen4 / no compilers ------------------------------
openmpi@4.1.7
=== Golomb Ruler MPI Trace ===
Version: v3
Order: G10
MPI Procs: 8
Start: Tue Jan  6 09:44:05 CET 2026
=== Golomb Ruler Solver v3: Hybrid MPI+OpenMP ===
Order: 10
MPI Processes: 8
OpenMP Threads/rank: 4
Total workers: 32
Prefix depth: 4
SIMD/AVX2: Enabled
Initial bound: 80
Subtrees: 51932

=== Golomb G10 ===
Solution: [0, 1, 6, 10, 23, 26, 34, 41, 53, 55]
Length: 55
Time: 4778.92 ms
Nodes explored: 2476560
Nodes pruned: 5343618
*** OPTIMAL SOLUTION FOUND ***
End: Tue Jan  6 09:44:11 CET 2026
